[    0.000000] Linux version 4.15.0-213-generic (buildd@lcy02-amd64-079) (gcc version 7.5.0 (Ubuntu 7.5.0-3ubuntu1~18.04)) #224-Ubuntu SMP Mon Jun 19 13:30:12 UTC 2023 (Ubuntu 4.15.0-213.224-generic 4.15.18)
[    0.000000] Command line: BOOT_IMAGE=/boot/vmlinuz-4.15.0-213-generic root=UUID=f685bb41-0e3b-40c4-89c1-eea0f0583525 ro console=tty1 console=ttyS0
[    0.000000] KERNEL supported cpus:
[    0.000000]   Intel GenuineIntel
[    0.000000]   AMD AuthenticAMD
[    0.000000]   Centaur CentaurHauls
[    0.000000] [Firmware Bug]: TSC doesn't count with P0 frequency!
[    0.000000] x86/fpu: x87 FPU will use FXSAVE
[    0.000000] e820: BIOS-provided physical RAM map:
[    0.000000] BIOS-e820: [mem 0x0000000000000000-0x000000000009fbff] usable
[    0.000000] BIOS-e820: [mem 0x000000000009fc00-0x000000000009ffff] reserved
[    0.000000] BIOS-e820: [mem 0x00000000000f0000-0x00000000000fffff] reserved
[    0.000000] BIOS-e820: [mem 0x0000000000100000-0x000000003ffeffff] usable
[    0.000000] BIOS-e820: [mem 0x000000003fff0000-0x000000003fffffff] ACPI data
[    0.000000] BIOS-e820: [mem 0x00000000fec00000-0x00000000fec00fff] reserved
[    0.000000] BIOS-e820: [mem 0x00000000fee00000-0x00000000fee00fff] reserved
[    0.000000] BIOS-e820: [mem 0x00000000fffc0000-0x00000000ffffffff] reserved
[    0.000000] NX (Execute Disable) protection: active
[    0.000000] SMBIOS 2.5 present.
[    0.000000] DMI: innotek GmbH VirtualBox/VirtualBox, BIOS VirtualBox 12/01/2006
[    0.000000] Hypervisor detected: KVM
[    0.000000] e820: last_pfn = 0x3fff0 max_arch_pfn = 0x400000000
[    0.000000] MTRR: Disabled
[    0.000000] x86/PAT: MTRRs disabled, skipping PAT initialization too.
[    0.000000] CPU MTRRs all blank - virtualized system.
[    0.000000] x86/PAT: Configuration [0-7]: WB  WT  UC- UC  WB  WT  UC- UC  
[    0.000000] found SMP MP-table at [mem 0x0009fff0-0x0009ffff]
[    0.000000] Scanning 1 areas for low memory corruption
[    0.000000] RAMDISK: [mem 0x35819000-0x36c03fff]
[    0.000000] ACPI: Early table checksum verification disabled
[    0.000000] ACPI: RSDP 0x00000000000E0000 000024 (v02 VBOX  )
[    0.000000] ACPI: XSDT 0x000000003FFF0030 00003C (v01 VBOX   VBOXXSDT 00000001 ASL  00000061)
[    0.000000] ACPI: FACP 0x000000003FFF00F0 0000F4 (v04 VBOX   VBOXFACP 00000001 ASL  00000061)
[    0.000000] ACPI: DSDT 0x000000003FFF0610 002353 (v02 VBOX   VBOXBIOS 00000002 INTL 20100528)
[    0.000000] ACPI: FACS 0x000000003FFF0200 000040
[    0.000000] ACPI: FACS 0x000000003FFF0200 000040
[    0.000000] ACPI: APIC 0x000000003FFF0240 00005C (v02 VBOX   VBOXAPIC 00000001 ASL  00000061)
[    0.000000] ACPI: SSDT 0x000000003FFF02A0 00036C (v01 VBOX   VBOXCPUT 00000002 INTL 20100528)
[    0.000000] ACPI: Reserving FACP table memory at [mem 0x3fff00f0-0x3fff01e3]
[    0.000000] ACPI: Reserving DSDT table memory at [mem 0x3fff0610-0x3fff2962]
[    0.000000] ACPI: Reserving FACS table memory at [mem 0x3fff0200-0x3fff023f]
[    0.000000] ACPI: Reserving FACS table memory at [mem 0x3fff0200-0x3fff023f]
[    0.000000] ACPI: Reserving APIC table memory at [mem 0x3fff0240-0x3fff029b]
[    0.000000] ACPI: Reserving SSDT table memory at [mem 0x3fff02a0-0x3fff060b]
[    0.000000] No NUMA configuration found
[    0.000000] Faking a node at [mem 0x0000000000000000-0x000000003ffeffff]
[    0.000000] NODE_DATA(0) allocated [mem 0x3ffc5000-0x3ffeffff]
[    0.000000] kvm-clock: cpu 0, msr 0:3ff44001, primary cpu clock
[    0.000000] kvm-clock: Using msrs 4b564d01 and 4b564d00
[    0.000000] kvm-clock: using sched offset of 5472483744 cycles
[    0.000000] clocksource: kvm-clock: mask: 0xffffffffffffffff max_cycles: 0x1cd42e4dffb, max_idle_ns: 881590591483 ns
[    0.000000] Zone ranges:
[    0.000000]   DMA      [mem 0x0000000000001000-0x0000000000ffffff]
[    0.000000]   DMA32    [mem 0x0000000001000000-0x000000003ffeffff]
[    0.000000]   Normal   empty
[    0.000000]   Device   empty
[    0.000000] Movable zone start for each node
[    0.000000] Early memory node ranges
[    0.000000]   node   0: [mem 0x0000000000001000-0x000000000009efff]
[    0.000000]   node   0: [mem 0x0000000000100000-0x000000003ffeffff]
[    0.000000] Reserved but unavailable: 104 pages
[    0.000000] Initmem setup node 0 [mem 0x0000000000001000-0x000000003ffeffff]
[    0.000000] ACPI: PM-Timer IO Port: 0x4008
[    0.000000] IOAPIC[0]: apic_id 2, version 32, address 0xfec00000, GSI 0-23
[    0.000000] ACPI: INT_SRC_OVR (bus 0 bus_irq 0 global_irq 2 dfl dfl)
[    0.000000] ACPI: INT_SRC_OVR (bus 0 bus_irq 9 global_irq 9 low level)
[    0.000000] Using ACPI (MADT) for SMP configuration information
[    0.000000] smpboot: Allowing 2 CPUs, 0 hotplug CPUs
[    0.000000] PM: Registered nosave memory: [mem 0x00000000-0x00000fff]
[    0.000000] PM: Registered nosave memory: [mem 0x0009f000-0x0009ffff]
[    0.000000] PM: Registered nosave memory: [mem 0x000a0000-0x000effff]
[    0.000000] PM: Registered nosave memory: [mem 0x000f0000-0x000fffff]
[    0.000000] e820: [mem 0x40000000-0xfebfffff] available for PCI devices
[    0.000000] Booting paravirtualized kernel on KVM
[    0.000000] clocksource: refined-jiffies: mask: 0xffffffff max_cycles: 0xffffffff, max_idle_ns: 7645519600211568 ns
[    0.000000] setup_percpu: NR_CPUS:8192 nr_cpumask_bits:2 nr_cpu_ids:2 nr_node_ids:1
[    0.000000] percpu: Embedded 50 pages/cpu s167936 r8192 d28672 u1048576
[    0.000000] PV qspinlock hash table entries: 256 (order: 0, 4096 bytes)
[    0.000000] Built 1 zonelists, mobility grouping on.  Total pages: 257913
[    0.000000] Policy zone: DMA32
[    0.000000] Kernel command line: BOOT_IMAGE=/boot/vmlinuz-4.15.0-213-generic root=UUID=f685bb41-0e3b-40c4-89c1-eea0f0583525 ro console=tty1 console=ttyS0
[    0.000000] Memory: 981776K/1048120K available (12300K kernel code, 2477K rwdata, 4324K rodata, 2480K init, 2720K bss, 66344K reserved, 0K cma-reserved)
[    0.000000] SLUB: HWalign=64, Order=0-3, MinObjects=0, CPUs=2, Nodes=1
[    0.000000] ftrace: allocating 39508 entries in 155 pages
[    0.004000] Hierarchical RCU implementation.
[    0.004000] 	RCU restricting CPUs from NR_CPUS=8192 to nr_cpu_ids=2.
[    0.004000] 	Tasks RCU enabled.
[    0.004000] RCU: Adjusting geometry for rcu_fanout_leaf=16, nr_cpu_ids=2
[    0.004000] NR_IRQS: 524544, nr_irqs: 440, preallocated irqs: 16
[    0.004000] random: crng init done
[    0.004000] Console: colour VGA+ 80x25
[    0.004000] console [tty1] enabled
[    0.004000] console [ttyS0] enabled
[    0.004000] ACPI: Core revision 20170831
[    0.004000] ACPI: 2 ACPI AML tables successfully acquired and loaded
[    0.004000] APIC: Switch to symmetric I/O mode setup
[    0.004000] ..TIMER: vector=0x30 apic1=0 pin1=2 apic2=-1 pin2=-1
[    0.004008] tsc: Detected 2095.998 MHz processor
[    0.008009] Calibrating delay loop (skipped) preset value.. 4191.99 BogoMIPS (lpj=8383992)
[    0.012004] pid_max: default: 32768 minimum: 301
[    0.016140] Security Framework initialized
[    0.020009] Yama: becoming mindful.
[    0.024252] AppArmor: AppArmor initialized
[    0.042095] Dentry cache hash table entries: 131072 (order: 8, 1048576 bytes)
[    0.049750] Inode-cache hash table entries: 65536 (order: 7, 524288 bytes)
[    0.052196] Mount-cache hash table entries: 2048 (order: 2, 16384 bytes)
[    0.056176] Mountpoint-cache hash table entries: 2048 (order: 2, 16384 bytes)
[    0.065315] Last level iTLB entries: 4KB 1024, 2MB 1024, 4MB 512
[    0.068007] Last level dTLB entries: 4KB 1536, 2MB 1536, 4MB 768, 1GB 0
[    0.072005] Spectre V1 : Mitigation: usercopy/swapgs barriers and __user pointer sanitization
[    0.076005] Spectre V2 : Mitigation: Retpolines
[    0.080004] Spectre V2 : Spectre v2 / SpectreRSB mitigation: Filling RSB on context switch
[    0.084003] Spectre V2 : Spectre v2 / SpectreRSB : Filling RSB on VMEXIT
[    0.088005] RETBleed: Vulnerable
[    0.092278] Freeing SMP alternatives memory: 36K
[    0.216941] APIC calibration not consistent with PM-Timer: 102ms instead of 100ms
[    0.220000] APIC delta adjusted to PM-Timer: 6381501 (6533304)
[    0.220596] smpboot: CPU0: AMD Ryzen 5 3500U with Radeon Vega Mobile Gfx (family: 0x17, model: 0x18, stepping: 0x1)
[    0.225083] Performance Events: PMU not available due to virtualization, using software events only.
[    0.228274] Hierarchical SRCU implementation.
[    0.233255] NMI watchdog: Perf event create on CPU 0 failed with -2
[    0.236005] NMI watchdog: Perf NMI watchdog permanently disabled
[    0.244387] smp: Bringing up secondary CPUs ...
[    0.254939] x86: Booting SMP configuration:
[    0.256007] .... node  #0, CPUs:      #1
[    0.004000] kvm-clock: cpu 1, msr 0:3ff44041, secondary cpu clock
[    0.278705] TSC synchronization [CPU#0 -> CPU#1]:
[    0.280000] Measured 108885 cycles TSC warp between CPUs, turning off TSC clock.
[    0.280000] tsc: Marking TSC unstable due to check_tsc_sync_source failed
[    0.288459] smp: Brought up 1 node, 2 CPUs
[    0.292013] smpboot: Max logical packages: 1
[    0.296005] smpboot: Total of 2 processors activated (8383.99 BogoMIPS)
[    0.301358] devtmpfs: initialized
[    0.308983] x86/mm: Memory block size: 128MB
[    0.320843] evm: security.selinux
[    0.328003] evm: security.SMACK64
[    0.336006] evm: security.SMACK64EXEC
[    0.348006] evm: security.SMACK64TRANSMUTE
[    0.356005] evm: security.SMACK64MMAP
[    0.364006] evm: security.apparmor
[    0.372003] evm: security.ima
[    0.380005] evm: security.capability
[    0.392759] clocksource: jiffies: mask: 0xffffffff max_cycles: 0xffffffff, max_idle_ns: 7645041785100000 ns
[    0.396370] futex hash table entries: 512 (order: 3, 32768 bytes)
[    0.400388] pinctrl core: initialized pinctrl subsystem
[    0.405090] RTC time: 14:43:04, date: 08/06/24
[    0.410418] NET: Registered protocol family 16
[    0.416794] audit: initializing netlink subsys (disabled)
[    0.424098] audit: type=2000 audit(1722955390.056:1): state=initialized audit_enabled=0 res=1
[    0.444322] cpuidle: using governor ladder
[    0.456409] cpuidle: using governor menu
[    0.464280] ACPI: bus type PCI registered
[    0.468006] acpiphp: ACPI Hot Plug PCI Controller Driver version: 0.5
[    0.476817] PCI: Using configuration type 1 for base access
[    0.480004] PCI: Using configuration type 1 for extended access
[    0.492569] HugeTLB registered 2.00 MiB page size, pre-allocated 0 pages
[    0.508602] ACPI: Added _OSI(Module Device)
[    0.516014] ACPI: Added _OSI(Processor Device)
[    0.524010] ACPI: Added _OSI(3.0 _SCP Extensions)
[    0.532012] ACPI: Added _OSI(Processor Aggregator Device)
[    0.544010] ACPI: Added _OSI(Linux-Dell-Video)
[    0.552011] ACPI: Added _OSI(Linux-Lenovo-NV-HDMI-Audio)
[    0.560015] ACPI: Added _OSI(Linux-HPI-Hybrid-Graphics)
[    0.573685] ACPI: Executed 1 blocks of module-level executable AML code
[    0.591049] ACPI: Interpreter enabled
[    0.596042] ACPI: (supports S0 S5)
[    0.604011] ACPI: Using IOAPIC for interrupt routing
[    0.616815] PCI: Using host bridge windows from ACPI; if necessary, use "pci=nocrs" and report a bug
[    0.628400] ACPI: Enabled 2 GPEs in block 00 to 07
[    0.654294] ACPI: PCI Root Bridge [PCI0] (domain 0000 [bus 00-ff])
[    0.668019] acpi PNP0A03:00: _OSC: OS supports [ExtendedConfig ASPM ClockPM Segments MSI]
[    0.686148] acpi PNP0A03:00: _OSC: platform does not support [PCIeCapability]
[    0.697092] acpi PNP0A03:00: _OSC: not requesting control; platform does not support [PCIeCapability]
[    0.708009] acpi PNP0A03:00: _OSC: OS requested [PCIeHotplug PME AER PCIeCapability]
[    0.720007] acpi PNP0A03:00: _OSC: platform willing to grant [PCIeHotplug PME AER]
[    0.728008] acpi PNP0A03:00: _OSC failed (AE_SUPPORT); disabling ASPM
[    0.740514] PCI host bridge to bus 0000:00
[    0.748009] pci_bus 0000:00: root bus resource [io  0x0000-0x0cf7 window]
[    0.760006] pci_bus 0000:00: root bus resource [io  0x0d00-0xffff window]
[    0.768011] pci_bus 0000:00: root bus resource [mem 0x000a0000-0x000bffff window]
[    0.780006] pci_bus 0000:00: root bus resource [mem 0x40000000-0xfdffffff window]
[    0.788006] pci_bus 0000:00: root bus resource [bus 00-ff]
[    0.813393] pci 0000:00:01.1: legacy IDE quirk: reg 0x10: [io  0x01f0-0x01f7]
[    0.824008] pci 0000:00:01.1: legacy IDE quirk: reg 0x14: [io  0x03f6]
[    0.832004] pci 0000:00:01.1: legacy IDE quirk: reg 0x18: [io  0x0170-0x0177]
[    0.840005] pci 0000:00:01.1: legacy IDE quirk: reg 0x1c: [io  0x0376]
[    0.882968] pci 0000:00:07.0: quirk: [io  0x4000-0x403f] claimed by PIIX4 ACPI
[    0.892057] pci 0000:00:07.0: quirk: [io  0x4100-0x410f] claimed by PIIX4 SMB
[    0.923661] ACPI: PCI Interrupt Link [LNKA] (IRQs 5 9 10 *11)
[    0.932581] ACPI: PCI Interrupt Link [LNKB] (IRQs 5 9 *10 11)
[    0.940504] ACPI: PCI Interrupt Link [LNKC] (IRQs 5 *9 10 11)
[    0.952298] ACPI: PCI Interrupt Link [LNKD] (IRQs 5 9 10 *11)
[    0.961685] SCSI subsystem initialized
[    0.972885] pci 0000:00:02.0: vgaarb: setting as boot VGA device
[    0.976000] pci 0000:00:02.0: vgaarb: VGA device added: decodes=io+mem,owns=io+mem,locks=none
[    1.000013] pci 0000:00:02.0: vgaarb: bridge control possible
[    1.012008] vgaarb: loaded
[    1.020226] ACPI: bus type USB registered
[    1.024046] usbcore: registered new interface driver usbfs
[    1.032018] usbcore: registered new interface driver hub
[    1.044020] usbcore: registered new device driver usb
[    1.052397] EDAC MC: Ver: 3.0.0
[    1.060534] PCI: Using ACPI for IRQ routing
[    1.065710] NetLabel: Initializing
[    1.068003] NetLabel:  domain hash size = 128
[    1.072003] NetLabel:  protocols = UNLABELED CIPSOv4 CALIPSO
[    1.076026] NetLabel:  unlabeled traffic allowed by default
[    1.084765] clocksource: Switched to clocksource kvm-clock
[    1.190151] VFS: Disk quotas dquot_6.6.0
[    1.200302] VFS: Dquot-cache hash table entries: 512 (order 0, 4096 bytes)
[    1.211738] AppArmor: AppArmor Filesystem Enabled
[    1.221112] pnp: PnP ACPI init
[    1.229408] pnp: PnP ACPI: found 3 devices
[    1.309432] clocksource: acpi_pm: mask: 0xffffff max_cycles: 0xffffff, max_idle_ns: 2085701024 ns
[    1.325998] NET: Registered protocol family 2
[    1.334197] IP idents hash table entries: 16384 (order: 5, 131072 bytes)
[    1.344843] TCP established hash table entries: 8192 (order: 4, 65536 bytes)
[    1.428539] TCP bind hash table entries: 8192 (order: 5, 131072 bytes)
[    1.439278] TCP: Hash tables configured (established 8192 bind 8192)
[    1.449582] UDP hash table entries: 512 (order: 2, 16384 bytes)
[    1.461577] UDP-Lite hash table entries: 512 (order: 2, 16384 bytes)
[    1.470633] NET: Registered protocol family 1
[    1.480482] pci 0000:00:00.0: Limiting direct PCI/PCI transfers
[    1.491489] pci 0000:00:01.0: Activating ISA DMA hang workarounds
[    1.504431] pci 0000:00:02.0: Video device with shadowed ROM at [mem 0x000c0000-0x000dffff]
[    1.516251] Unpacking initramfs...
[    1.782257] Freeing initrd memory: 20396K
[    2.482346] clocksource: tsc: mask: 0xffffffffffffffff max_cycles: 0x1e366be91d8, max_idle_ns: 440795263444 ns
[    2.497268] platform rtc_cmos: registered platform RTC device (no PNP device found)
[    2.508864] Scanning for low memory corruption every 60 seconds
[    2.525000] Initialise system trusted keyrings
[    2.534609] Key type blacklist registered
[    2.545695] workingset: timestamp_bits=36 max_order=18 bucket_order=0
[    2.562168] zbud: loaded
[    2.573697] squashfs: version 4.0 (2009/01/31) Phillip Lougher
[    2.584574] fuse init (API version 7.26)
[    2.661828] Key type asymmetric registered
[    2.667817] Asymmetric key parser 'x509' registered
[    2.678549] Block layer SCSI generic (bsg) driver version 0.4 loaded (major 246)
[    2.692037] io scheduler noop registered
[    2.700981] io scheduler deadline registered
[    2.708391] io scheduler cfq registered (default)
[    2.797769] ACPI: AC Adapter [AC] (on-line)
[    2.807517] input: Power Button as /devices/LNXSYSTM:00/LNXPWRBN:00/input/input0
[    2.824596] ACPI: Power Button [PWRF]
[    2.832520] input: Sleep Button as /devices/LNXSYSTM:00/LNXSLPBN:00/input/input1
[    2.846440] ACPI: Sleep Button [SLPF]
[    2.856751] Serial: 8250/16550 driver, 32 ports, IRQ sharing enabled
[    2.859562] ACPI: Battery Slot [BAT0] (battery present)
[    2.917660] 00:02: ttyS0 at I/O 0x3f8 (irq = 4, base_baud = 115200) is a 16550A
[    2.960674] Linux agpgart interface v0.103
[    2.982036] loop: module loaded
[    2.993745] scsi host0: ata_piix
[    3.002320] scsi host1: ata_piix
[    3.008214] ata1: PATA max UDMA/33 cmd 0x1f0 ctl 0x3f6 bmdma 0xd000 irq 14
[    3.020829] ata2: PATA max UDMA/33 cmd 0x170 ctl 0x376 bmdma 0xd008 irq 15
[    3.034447] tun: Universal TUN/TAP device driver, 1.6
[    3.045510] PPP generic driver version 2.4.2
[    3.055751] ehci_hcd: USB 2.0 'Enhanced' Host Controller (EHCI) Driver
[    3.065561] ehci-pci: EHCI PCI platform driver
[    3.074279] ehci-platform: EHCI generic platform driver
[    3.082289] ohci_hcd: USB 1.1 'Open' Host Controller (OHCI) Driver
[    3.093069] ohci-pci: OHCI PCI platform driver
[    3.099737] ohci-platform: OHCI generic platform driver
[    3.110871] uhci_hcd: USB Universal Host Controller Interface driver
[    3.120971] i8042: PNP: PS/2 Controller [PNP0303:PS2K,PNP0f03:PS2M] at 0x60,0x64 irq 1,12
[    3.147177] serio: i8042 KBD port at 0x60,0x64 irq 1
[    3.156108] serio: i8042 AUX port at 0x60,0x64 irq 12
[    3.164031] mousedev: PS/2 mouse device common for all mice
[    3.174770] input: AT Translated Set 2 keyboard as /devices/platform/i8042/serio0/input/input2
[    3.181154] rtc_cmos rtc_cmos: rtc core: registered rtc_cmos as rtc0
[    3.204298] rtc_cmos rtc_cmos: alarms up to one day, 114 bytes nvram
[    3.217176] i2c /dev entries driver
[    3.224527] device-mapper: uevent: version 1.0.3
[    3.267472] device-mapper: ioctl: 4.37.0-ioctl (2017-09-20) initialised: dm-devel@redhat.com
[    3.281449] ledtrig-cpu: registered to indicate activity on CPUs
[    3.296720] NET: Registered protocol family 10
[    3.319505] Segment Routing with IPv6
[    3.327778] NET: Registered protocol family 17
[    3.335479] Key type dns_resolver registered
[    3.343566] mce: Using 0 MCE banks
[    3.354412] RAS: Correctable Errors collector initialized.
[    3.364012] sched_clock: Marking stable (3363916978, 0)->(4689496554, -1325579576)
[    3.383478] registered taskstats version 1
[    3.393065] Loading compiled-in X.509 certificates
[    3.406581] Loaded X.509 cert 'Build time autogenerated kernel key: cdc7189136aaa35407544516090e2034d9c28e14'
[    3.426719] Loaded X.509 cert 'Canonical Ltd. Live Patch Signing: 14df34d1a87cf37625abec039ef2bf521249b969'
[    3.440458] Loaded X.509 cert 'Canonical Ltd. Kernel Module Signing: 88f752e560a1e0737e31163a466ad7b70a850c19'
[    3.456781] blacklist: Loading compiled-in revocation X.509 certificates
[    3.466340] Loaded X.509 cert 'Canonical Ltd. Secure Boot Signing: 61482aa2830d0ab2ad5af10b7250da9033ddcef0'
[    3.479682] Loaded X.509 cert 'Canonical Ltd. Secure Boot Signing (2017): 242ade75ac4a15e50d50c84b0d45ff3eae707a03'
[    3.494105] Loaded X.509 cert 'Canonical Ltd. Secure Boot Signing (ESM 2018): 365188c1d374d6b07c3c8f240f8ef722433d6a8b'
[    3.516844] Loaded X.509 cert 'Canonical Ltd. Secure Boot Signing (2019): c0746fd6c5da3ae827864651ad66ae47fe24b3e8'
[    3.534923] Loaded X.509 cert 'Canonical Ltd. Secure Boot Signing (2021 v1): a8d54bbb3825cfb94fa13c9f8a594a195c107b8d'
[    3.550948] Loaded X.509 cert 'Canonical Ltd. Secure Boot Signing (2021 v2): 4cf046892d6fd3c9a5b03f98d845f90851dc6a8c'
[    3.566743] Loaded X.509 cert 'Canonical Ltd. Secure Boot Signing (2021 v3): 100437bb6de6e469b581e61cd66bce3ef4ed53af'
[    3.582346] Loaded X.509 cert 'Canonical Ltd. Secure Boot Signing (Ubuntu Core 2019): c1d57b8f6b743f23ee41f4f7ee292f06eecadfb9'
[    3.601675] zswap: loaded using pool lzo/zbud
[    3.627391] Key type big_key registered
[    3.634497] Key type trusted registered
[    3.645648] Key type encrypted registered
[    3.651018] AppArmor: AppArmor sha1 policy hashing enabled
[    3.659642] ima: No TPM chip found, activating TPM-bypass! (rc=-19)
[    3.673192] ima: Allocated hash algorithm: sha1
[    3.679255] evm: HMAC attrs: 0x1
[    3.685123]   Magic number: 4:631:737
[    3.694789] rtc_cmos rtc_cmos: setting system clock to 2024-08-06 14:43:07 UTC (1722955387)
[    3.711808] BIOS EDD facility v0.16 2004-Jun-25, 0 devices found
[    3.722759] EDD information not available.
[    3.736900] Freeing unused kernel image memory: 2480K
[    3.760657] Write protecting the kernel read-only data: 20480k
[    3.772918] Freeing unused kernel image memory: 2008K
[    3.784761] Freeing unused kernel image memory: 1820K
[    3.804246] x86/mm: Checked W+X mappings: passed, no W+X pages found.
Loading, please wait...
starting version 237
[    3.956971] e1000: Intel(R) PRO/1000 Network Driver - version 7.3.21-k8-NAPI
[    3.968567] e1000: Copyright (c) 1999-2006 Intel Corporation.
[    4.015585] Fusion MPT base driver 3.04.20
[    4.023698] Copyright (c) 1999-2008 LSI Corporation
[    4.043169] SSE version of gcm_enc/dec engaged.
[    4.099718] Fusion MPT SPI Host driver 3.04.20
[    4.321802] input: ImExPS/2 Generic Explorer Mouse as /devices/platform/i8042/serio1/input/input4
[    5.184349] e1000 0000:00:03.0 eth0: (PCI:33MHz:32-bit) 02:3b:7b:b7:3b:2d
[    5.192942] e1000 0000:00:03.0 eth0: Intel(R) PRO/1000 Network Connection
[    5.205656] mptbase: ioc0: Initiating bringup
[    5.336868] ioc0: LSI53C1030 A0: Capabilities={Initiator}
[    5.608649] scsi host2: ioc0: LSI53C1030 A0, FwRev=00000000h, Ports=1, MaxQ=256, IRQ=20
[    5.795494] scsi 2:0:0:0: Direct-Access     VBOX     HARDDISK         1.0  PQ: 0 ANSI: 5
[    5.841112] scsi target2:0:0: Beginning Domain Validation
[    5.880838] scsi target2:0:0: Domain Validation skipping write tests
[    5.894468] scsi target2:0:0: Ending Domain Validation
[    5.906169] scsi target2:0:0: asynchronous
[    5.918502] scsi 2:0:1:0: Direct-Access     VBOX     HARDDISK         1.0  PQ: 0 ANSI: 5
[    6.184450] scsi target2:0:1: Beginning Domain Validation
[    6.210531] scsi target2:0:1: Domain Validation skipping write tests
[    6.222676] scsi target2:0:1: Ending Domain Validation
[    6.237819] scsi target2:0:1: asynchronous
[    6.293820] sd 2:0:0:0: Attached scsi generic sg0 type 0
[    6.305054] sd 2:0:1:0: Attached scsi generic sg1 type 0
[    6.319943] sd 2:0:0:0: [sda] 83886080 512-byte logical blocks: (42.9 GB/40.0 GiB)
[    6.335258] sd 2:0:1:0: [sdb] 20480 512-byte logical blocks: (10.5 MB/10.0 MiB)
[    6.352435] sd 2:0:0:0: [sda] Write Protect is off
[    6.361070] sd 2:0:1:0: [sdb] Write Protect is off
[    6.377966] sd 2:0:0:0: [sda] Incomplete mode parameter data
[    6.391794] sd 2:0:0:0: [sda] Assuming drive cache: write through
[    6.404060] sd 2:0:1:0: [sdb] Incomplete mode parameter data
[    6.419450] sd 2:0:1:0: [sdb] Assuming drive cache: write through
[    6.495440]  sda: sda1
[    6.520590] sd 2:0:0:0: [sda] Attached SCSI disk
[    6.533587] sd 2:0:1:0: [sdb] Attached SCSI disk
[    6.964901] e1000 0000:00:08.0 eth1: (PCI:33MHz:32-bit) 08:00:27:90:74:ff
[    6.978851] e1000 0000:00:08.0 eth1: Intel(R) PRO/1000 Network Connection
[    6.993550] e1000 0000:00:08.0 enp0s8: renamed from eth1
[    7.017723] e1000 0000:00:03.0 enp0s3: renamed from eth0
Begin: Loading essential drivers ... [    9.480907] raid6: sse2x1   gen()  5967 MB/s
[    9.532871] raid6: sse2x1   xor()  6619 MB/s
[    9.592236] raid6: sse2x2   gen() 11845 MB/s
[    9.647972] raid6: sse2x2   xor()  7354 MB/s
[    9.700792] raid6: sse2x4   gen() 13234 MB/s
[    9.757237] raid6: sse2x4   xor()  6965 MB/s
[    9.766004] raid6: using algorithm sse2x4 gen() 13234 MB/s
[    9.774162] raid6: .... xor() 6965 MB/s, rmw enabled
[    9.781916] raid6: using ssse3x2 recovery algorithm
[    9.792912] xor: measuring software checksum speed
[    9.841105]    prefetch64-sse: 13235.000 MB/sec
[    9.888770]    generic_sse: 13296.000 MB/sec
[    9.897555] xor: using function: generic_sse (13296.000 MB/sec)
[    9.909885] async_tx: api initialized (async)
done.
Begin: Running /scripts/init-premount ... done.
Begin: Mounting root file system ... Begin: Running /scripts/local-top ... done.
Begin: Running /scripts/local-premount ... [   10.025199] Btrfs loaded, crc32c=crc32c-intel
Scanning for Btrfs filesystems
done.
Begin: Will now check root file system ... fsck from util-linux 2.31.1
[/sbin/fsck.ext4 (1) -- /dev/sda1] fsck.ext4 -a -C0 /dev/sda1 
cloudimg-rootfs: recovering journal
cloudimg-rootfs: Clearing orphaned inode 65406 (uid=111, gid=116, mode=0100600, size=0)
cloudimg-rootfs: Clearing orphaned inode 65384 (uid=111, gid=116, mode=0100600, size=0)
cloudimg-rootfs: Clearing orphaned inode 17914 (uid=111, gid=116, mode=0100600, size=0)
cloudimg-rootfs: Clearing orphaned inode 17559 (uid=111, gid=116, mode=0100600, size=0)
cloudimg-rootfs: Clearing orphaned inode 690 (uid=111, gid=116, mode=0100600, size=0)
cloudimg-rootfs: clean, 99838/5120000 files, 840158/10485499 blocks
done.
[   10.582417] EXT4-fs (sda1): mounted filesystem with ordered data mode. Opts: (null)
done.
Begin: Running /scripts/local-bottom ... done.
Begin: Running /scripts/init-bottom ... done.
[   11.087687] ip_tables: (C) 2000-2006 Netfilter Core Team
[   11.140658] systemd[1]: systemd 237 running in system mode. (+PAM +AUDIT +SELINUX +IMA +APPARMOR +SMACK +SYSVINIT +UTMP +LIBCRYPTSETUP +GCRYPT +GNUTLS +ACL +XZ +LZ4 +SECCOMP +BLKID +ELFUTILS +KMOD -IDN2 +IDN -PCRE2 default-hierarchy=hybrid)
[   11.176626] systemd[1]: Detected virtualization oracle.
[   11.187215] systemd[1]: Detected architecture x86-64.

Welcome to [1mUbuntu 18.04.6 LTS[0m!

[   11.266181] systemd[1]: Set hostname to <ubuntu-bionic>.
[   11.967859] systemd[1]: Started Forward Password Requests to Wall Directory Watch.
[[0;32m  OK  [0m] Started Forward Password Requests to Wall Directory Watch.
[   12.012429] systemd[1]: Created slice System Slice.
[[0;32m  OK  [0m] Created slice System Slice.
[   12.029267] systemd[1]: Listening on Journal Socket (/dev/log).
[[0;32m  OK  [0m] Listening on Journal Socket (/dev/log).
[   12.047664] systemd[1]: Listening on LVM2 poll daemon socket.
[[0;32m  OK  [0m] Listening on LVM2 poll daemon socket.
[   12.063788] systemd[1]: Listening on /dev/initctl Compatibility Named Pipe.
[[0;32m  OK  [0m] Listening on /dev/initctl Compatibility Named Pipe.
[   12.084929] systemd[1]: Reached target System Time Synchronized.
[[0;32m  OK  [0m] Reached target System Time Synchronized.
[[0;32m  OK  [0m] Listening on udev Kernel Socket.
[[0;32m  OK  [0m] Listening on fsck to fsckd communication Socket.
[[0;32m  OK  [0m] Reached target Mounting snaps.
[[0;32m  OK  [0m] Set up automount Arbitrary Executab…rmats File System Automount Point.
[[0;32m  OK  [0m] Reached target User and Group Name Lookups.
[[0;32m  OK  [0m] Listening on Journal Socket.
         Mounting POSIX Message Queue File System...
         Starting Load Kernel Modules...
         Starting Uncomplicated firewall...
         Starting Remount Root and Kernel File Systems...
         [   12.211252] Loading iSCSI transport class v2.0-870.
Mounting Kernel Debug File System...
[[0;32m  OK  [0m] Created slice User and Session Slice.
[[0;32m  OK  [0m] Reached target Slices.
[   12.254917] iscsi: registered transport (tcp)
         [   12.263059] EXT4-fs (sda1): re-mounted. Opts: (null)
Starting Set the console keyboard layout...
[[0;32m  OK  [0m] Listening on Journal Audit Socket.
[[0;32m  OK  [0m] Listening on Network Service Netlink Socket.
[[0;32m  OK  [0m] Listening on udev Control Socket.
         Starting udev Coldplug all Devices...
         Starting Create list of required st…ce nodes for the current kernel...
[[0;32m  OK  [0m] Listening on LVM2 metadata daemon socket.
[[0;32m  OK  [0m] Listening on Syslog Socket.
         Starting Journal Service...
[[0;32m  OK  [0m] Reached target Swap.[   12.426224] iscsi: registered transport (iser)

[[0;32m  OK  [0m] Reached target Mounted snaps.
[[0;32m  OK  [0m] Listening on Device-mapper event daemon FIFOs.
         Starting Monitoring of LVM2 mirrors…ng dmeventd or progress polling...
         Mounting Huge Pages File System...
[[0;32m  OK  [0m] Created slice system-serial\x2dgetty.slice.
[[0;32m  OK  [0m] Mounted POSIX Message Queue File System.
[[0;32m  OK  [0m] Started Load Kernel Modules.
[[0;32m  OK  [0m] Started Uncomplicated firewall.
[[0;32m  OK  [0m] Started Remount Root and Kernel File Systems.
[[0;32m  OK  [0m] Mounted Kernel Debug File System.
[[0;32m  OK  [0m] Started Journal Service.
[[0;32m  OK  [0m] Started Create list of required sta…vice nodes for the current kernel.
[[0;32m  OK  [0m] Mounted Huge Pages File System.
         Starting Create Static Device Nodes in /dev...
         Starting Flush Journal to Persistent Storage...
         Starting Load/Save Random Seed...
         Mounting Kernel Configuration File System...
         Mounting FUSE Control File System...
         Starting Apply Kernel Variables...
[[0;32m  OK  [0m] Started udev Coldplug all Devices.
[[0;32m  OK  [0m] Started Load/Save Random Seed.
[[0;32m  OK  [0m] Mounted Kernel Configuration File System.
[[0;32m  OK  [0m] Mounted FUSE Control File System.
[[0;32m  OK  [0m] Started Set the console keyboard layout.
[[0;32m  OK  [0m] Started Create Static Device Nodes in /dev.
[[0;32m  OK  [0m] Started Apply Kernel Variables.
[[0;32m  OK  [0m] Started LVM2 metadata daemon.
         Starting udev Kernel Device Manager...
[[0;32m  OK  [0m] Started Monitoring of LVM2 mirrors,…sing dmeventd or progress polling.
[[0;32m  OK  [0m] Reached target Local File Systems (Pre).
[[0;32m  OK  [0m] Reached target Local File Systems.
         Starting ebtables ruleset management...
         Starting AppArmor initialization...
         Starting Set console font and keymap...
         Starting Tell Plymouth To Write Out Runtime Data...
[[0;32m  OK  [0m] Started Set console font and keymap.
[[0;32m  OK  [0m] Started Tell Plymouth To Write Out Runtime Data.
[[0;32m  OK  [0m] Started udev Kernel Device Manager.
[[0;32m  OK  [0m] Started Dispatch Password Requests to Console Directory Watch.
[[0;32m  OK  [0m] Reached target Local Encrypted Volumes.
[[0;32m  OK  [0m] Started Flush Journal to Persistent Storage.
         Starting Create Volatile Files and Directories...
[[0;32m  OK  [0m] Started Create Volatile Files and Directories.
[[0;32m  OK  [0m] Started ebtables ruleset management.
         Starting Update UTMP about System Boot/Shutdown...
[[0;32m  OK  [0m] Started Update UTMP about System Boot/Shutdown.
[[0;32m  OK  [0m] Found device /dev/ttyS0.
[[0;32m  OK  [0m] Started AppArmor initialization.
         Starting Initial cloud-init job (pre-networking)...
         Starting Load AppArmor profiles managed internally by snapd...
[[0;32m  OK  [0m] Listening on Load/Save RF Kill Switch Status /dev/rfkill Watch.
         Mounting Arbitrary Executable File Formats File System...
[[0;32m  OK  [0m] Mounted Arbitrary Executable File Formats File System.
[[0;32m  OK  [0m] Started Load AppArmor profiles managed internally by snapd.
[   18.347373] cloud-init[558]: Cloud-init v. 23.1.2-0ubuntu0~18.04.1 running 'init-local' at Tue, 06 Aug 2024 14:43:21 +0000. Up 18.02 seconds.
[[0;32m  OK  [0m] Started Initial cloud-init job (pre-networking).
[[0;32m  OK  [0m] Reached target Network (Pre).
         Starting Network Service...
[[0;32m  OK  [0m] Started Network Service.
         Starting Network Name Resolution...
         Starting Wait for Network to be Configured...
[[0;32m  OK  [0m] Started Network Name Resolution.
[[0;32m  OK  [0m] Reached target Host and Network Name Lookups.
[[0;32m  OK  [0m] Reached target Network.
[[0;32m  OK  [0m] Started Wait for Network to be Configured.
         Starting Initial cloud-init job (metadata service crawler)...
[   22.448842] cloud-init[676]: Cloud-init v. 23.1.2-0ubuntu0~18.04.1 running 'init' at Tue, 06 Aug 2024 14:43:26 +0000. Up 22.24 seconds.
[   22.463535] cloud-init[676]: ci-info: ++++++++++++++++++++++++++++++++++++++Net device info+++++++++++++++++++++++++++++++++++++++
[   22.479185] cloud-init[676]: ci-info: +--------+------+-----------------------------+---------------+--------+-------------------+
[   22.493751] cloud-init[676]: ci-info: | Device |  Up  |           Address           |      Mask     | Scope  |     Hw-Address    |
[   22.510402] cloud-init[676]: ci-info: +--------+------+-----------------------------+---------------+--------+-------------------+
[   22.526226] cloud-init[676]: ci-info: | enp0s3 | True |          10.0.2.15          | 255.255.255.0 | global | 02:3b:7b:b7:3b:2d |
[   22.542183] cloud-init[676]: ci-info: | enp0s3 | True |  fe80::3b:7bff:feb7:3b2d/64 |       .       |  link  | 02:3b:7b:b7:3b:2d |
[   22.558801] cloud-init[676]: ci-info: | enp0s8 | True |        192.168.56.11        | 255.255.255.0 | global | 08:00:27:90:74:ff |
[   22.573689] cloud-init[676]: ci-info: | enp0s8 | True | fe80::a00:27ff:fe90:74ff/64 |       .       |  link  | 08:00:27:90:74:ff |
[   22.588924] cloud-init[676]: ci-info: |   lo   | True |          127.0.0.1          |   255.0.0.0   |  host  |         .         |
[   22.601385] cloud-init[676]: ci-info: |   lo   | True |           ::1/128           |       .       |  host  |         .         |
[   22.614556] cloud-init[676]: ci-info: +--------+------+-----------------------------+---------------+--------+-------------------+
[   22.631707] cloud-init[676]: ci-info: +++++++++++++++++++++++++++++Route IPv4 info+++++++++++++++++++++++++++++
[   22.645256] cloud-init[676]: ci-info: +-------+--------------+----------+-----------------+-----------+-------+
[   22.659949] cloud-init[676]: ci-info: | Route | Destination  | Gateway  |     Genmask     | Interface | Flags |
[   22.674890] cloud-init[676]: ci-info: +-------+--------------+----------+-----------------+-----------+-------+
[   22.687340] cloud-init[676]: ci-info: |   0   |   0.0.0.0    | 10.0.2.2 |     0.0.0.0     |   enp0s3  |   UG  |
[   22.703549] cloud-init[676]: ci-info: |   1   |   10.0.2.0   | 0.0.0.0  |  255.255.255.0  |   enp0s3  |   U   |
[   22.724882] cloud-init[676]: ci-info: |   2   |   10.0.2.2   | 0.0.0.0  | 255.255.255.255 |   enp0s3  |   UH  |
[   22.733244] cloud-init[676]: ci-info: |   3   | 192.168.56.0 | 0.0.0.0  |  255.255.255.0  |   enp0s8  |   U   |
[   22.743098] cloud-init[676]: ci-info: +-------+--------------+----------+-----------------+-----------+-------+
[   22.750850] cloud-init[676]: ci-info: +++++++++++++++++++Route IPv6 info+++++++++++++++++++
[   22.757651] cloud-init[676]: ci-info: +-------+-------------+---------+-----------+-------+
[   22.763805] cloud-init[676]: ci-info: | Route | Destination | Gateway | Interface | Flags |
[   22.773317] cloud-init[676]: ci-info: +-------+-------------+---------+-----------+-------+
[   22.782677] cloud-init[676]: ci-info: |   1   |  fe80::/64  |    ::   |   enp0s8  |   U   |
[   22.789521] cloud-init[676]: ci-info: |   2   |  fe80::/64  |    ::   |   enp0s3  |   U   |
[   22.799715] cloud-init[676]: ci-info: |   4   |    local    |    ::   |   enp0s3  |   U   |
[   22.806858] cloud-init[676]: ci-info: |   5   |    local    |    ::   |   enp0s8  |   U   |
[   22.818470] cloud-init[676]: ci-info: |   6   |   ff00::/8  |    ::   |   enp0s8  |   U   |
[   22.830053] cloud-init[676]: ci-info: |   7   |   ff00::/8  |    ::   |   enp0s3  |   U   |
[   22.841141] cloud-init[676]: ci-info: +-------+-------------+---------+-----------+-------+
[[0;32m  OK  [0m] Started Initial cloud-init job (metadata service crawler).
[[0;32m  OK  [0m] Reached target Cloud-config availability.
[[0;32m  OK  [0m] Reached target Network is Online.
[[0;32m  OK  [0m] Reached target Remote File Systems (Pre).
         Starting Availability of block devices...
         Mounting /vagrant...
[[0;32m  OK  [0m] Reached target System Initialization.
[[0;32m  OK  [0m] Listening on D-Bus System Message Bus Socket.
[[0;32m  OK  [0m] Started Daily Cleanup of Temporary Directories.
[[0;32m  OK  [0m] Listening on Open-iSCSI iscsid Socket.
[[0;32m  OK  [0m] Started Discard unused blocks once a week.
[[0;32m  OK  [0m] Started ACPI Events Check.
[[0;32m  OK  [0m] Listening on ACPID Listen Socket.
[[0;32m  OK  [0m] Started Daily apt download activities.
[[0;32m  OK  [0m] Started Daily apt upgrade and clean activities.
         Starting LXD - unix socket.
         Starting Socket activation for snappy daemon.
[[0;32m  OK  [0m] Listening on UUID daemon activation socket.
[[0;32m  OK  [0m] Started Message of the Day.
[[0;32m  OK  [0m] Listening on cloud-init hotplug hook socket.
[[0;32m  OK  [0m] Reached target Paths.
[[0;32m  OK  [0m] Started Ubuntu Advantage Timer for running repeated jobs.
[[0;32m  OK  [0m] Reached target Timers.
[[0;32m  OK  [0m] Started Availability of block devices.
[[0;32m  OK  [0m] Mounted /vagrant.
[[0;32m  OK  [0m] Listening on LXD - unix socket.
[[0;32m  OK  [0m] Listening on Socket activation for snappy daemon.
[[0;32m  OK  [0m] Reached target Sockets.
[[0;32m  OK  [0m] Reached target Basic System.
         Starting Accounts Service...
[[0;32m  OK  [0m] Started D-Bus System Message Bus.
         Starting MySQL Community Server...
         Starting LSB: Record successful boot for GRUB...
         Starting Login Service...
[[0;32m  OK  [0m] Started Deferred execution scheduler.
[[0;32m  OK  [0m] Started irqbalance daemon.
         Starting Dispatcher daemon for systemd-networkd...
[[0;32m  OK  [0m] Started FUSE filesystem for LXC.
         Starting Virtualbox guest utils...
         Starting Snap Daemon...
         Starting System Logging Service...
[[0;32m  OK  [0m] Reached target Login Prompts (Pre).
[[0;32m  OK  [0m] Started Regular background program processing daemon.
         Starting OpenBSD Secure Shell server...
         Starting LXD - container startup/shutdown...
[[0;32m  OK  [0m] Reached target Remote File Systems.
         Starting LSB: automatic crash report generation...
         Starting Permit User Sessions...
[[0;32m  OK  [0m] Started System Logging Service.
[[0;32m  OK  [0m] Started Permit User Sessions.
[[0;32m  OK  [0m] Started Login Service.
[[0;32m  OK  [0m] Started Unattended Upgrades Shutdown.
         Starting Hold until boot process finishes up...
         Starting Terminate Plymouth Boot Screen...
         Starting Authorization Manager...
[[0;32m  OK  [0m] Started Terminate Plymouth Boot Screen.
[[0;32m  OK  [0m] Started Hold until boot process finishes up.
[[0;32m  OK  [0m] Started Serial Getty on ttyS0.
         Starting Set console scheme...
[[0;32m  OK  [0m] Started Set console scheme.
[[0;32m  OK  [0m] Created slice system-getty.slice.
[[0;32m  OK  [0m] Started Getty on tty1.
[[0;32m  OK  [0m] Reached target Login Prompts.
[[0;32m  OK  [0m] Started OpenBSD Secure Shell server.
[[0;32m  OK  [0m] Started LSB: automatic crash report generation.
[[0;32m  OK  [0m] Started LSB: Record successful boot for GRUB.
[[0;32m  OK  [0m] Started Authorization Manager.
[[0;32m  OK  [0m] Started Accounts Service.
[[0;32m  OK  [0m] Started Virtualbox guest utils.
[[0;32m  OK  [0m] Created slice User Slice of vagrant.
[[0;32m  OK  [0m] Started Dispatcher daemon for systemd-networkd.
[[0;32m  OK  [0m] Started Session 1 of user vagrant.
         Starting User Manager for UID 1000...
[[0;32m  OK  [0m] Started LXD - container startup/shutdown.
[[0;32m  OK  [0m] Started User Manager for UID 1000.
[[0;32m  OK  [0m] Started Snap Daemon.
         Starting Wait until snapd is fully seeded...
         Starting Time & Date Service...
[[0;32m  OK  [0m] Started Time & Date Service.
[[0;32m  OK  [0m] Started Wait until snapd is fully seeded.
         Starting Apply the settings specified in cloud-config...
[   29.959506] cloud-init[1182]: Cloud-init v. 23.1.2-0ubuntu0~18.04.1 running 'modules:config' at Tue, 06 Aug 2024 14:43:33 +0000. Up 29.68 seconds.

Ubuntu 18.04.6 LTS ubuntu-bionic ttyS0

ubuntu-bionic login: [   31.094253] cloud-init[1290]: Cloud-init v. 23.1.2-0ubuntu0~18.04.1 running 'modules:final' at Tue, 06 Aug 2024 14:43:34 +0000. Up 30.80 seconds.
[   31.117851] cloud-init[1290]: Cloud-init v. 23.1.2-0ubuntu0~18.04.1 finished at Tue, 06 Aug 2024 14:43:34 +0000. Datasource DataSourceNoCloud [seed=/dev/sdb][dsmode=net].  Up 31.08 seconds
                                                                                                                                                                                                                                                                                                                                                                                                                                                                                                                                                                                                                                                                                                                                                                                                                                                                                                                                                                                                                                                                                                                                                                                                                                                                                                                                                                                                                                                                                                                                                                                                                                                                                                                                                                                                                                                                                                                                                                                                                                                                                                                                                                                                                                                                                                                                                                                                                                                                                                                                                                                                                                                                                                                                                                                                                                                                                                                                                                                                                                                                                                                                                                                                                                                                                                                                                                                                                                                                                                                                                                                                                                                                                                                                                                                                                                                                                                                                                                                                                                                                                                                                                                                                                                                                                                                                                                                                                                                                                                                                                                                                                                                                                                                                                                                                                                                                                                                                                                                                                                                                                                                                                                                                                                                                                                                                                                                                                                                                                                                                                                                                                                                                                                                                                                                                                                                                                                                                                                                                                                                                                                                                                                                                                                                                                                                                                                                                                                                                                                                                                                                                                                                                                                                                                                                                                                                                                  [ 1446.472961] e1000 0000:00:08.0 enp0s8: Reset adapter
[ 3320.628705] e1000 0000:00:08.0 enp0s8: Reset adapter
[ 3848.725843] e1000 0000:00:08.0 enp0s8: Reset adapter
